<?xml version="1.0" encoding="UTF-8"?>
<testng-results skipped="0" failed="0" ignored="0" total="1" passed="1">
  <reporter-output>
  </reporter-output>
  <suite name="Default suite" duration-ms="157317" started-at="2018-01-02T11:44:38Z" finished-at="2018-01-02T11:47:16Z">
    <groups>
    </groups>
    <test name="Default test" duration-ms="157317" started-at="2018-01-02T11:44:38Z" finished-at="2018-01-02T11:47:16Z">
      <class name="com.cucumber.bhsibase.runner.TestRunner">
        <test-method status="PASS" signature="setUpClass()[pri:0, instance:com.cucumber.bhsibase.runner.TestRunner@130161f7]" name="setUpClass" is-config="true" duration-ms="14359" started-at="2018-01-02T17:14:38Z" finished-at="2018-01-02T17:14:53Z">
          <reporter-output>
          </reporter-output>
        </test-method> <!-- setUpClass -->
        <test-method status="PASS" signature="feature(cucumber.api.testng.CucumberFeatureWrapper)[pri:0, instance:com.cucumber.bhsibase.runner.TestRunner@130161f7]" name="feature" duration-ms="141551" started-at="2018-01-02T17:14:53Z" description="Runs Cucumber Feature" data-provider="features" finished-at="2018-01-02T17:17:14Z">
          <params>
            <param index="0">
              <value>
                <![CDATA[Base PartyUserStories]]>
              </value>
            </param>
          </params>
          <reporter-output>
          </reporter-output>
        </test-method> <!-- feature -->
        <test-method status="PASS" signature="tearDownClass()[pri:0, instance:com.cucumber.bhsibase.runner.TestRunner@130161f7]" name="tearDownClass" is-config="true" duration-ms="1282" started-at="2018-01-02T17:17:14Z" finished-at="2018-01-02T17:17:16Z">
          <reporter-output>
          </reporter-output>
        </test-method> <!-- tearDownClass -->
      </class> <!-- com.cucumber.bhsibase.runner.TestRunner -->
    </test> <!-- Default test -->
  </suite> <!-- Default suite -->
</testng-results>
