<?xml version="1.0" encoding="UTF-8"?>
<!-- Generated by org.testng.reporters.JUnitXMLReporter -->
<testsuite hostname="MUM-H6X1N62" ignored="0" name="Base Party Validation" tests="1" failures="1" timestamp="10 Oct 2017 08:20:27 GMT" time="0.587" errors="0">
  <testcase name="feature" time="0.223" classname="cucumber.api.testng.AbstractTestNGCucumberTests">
    <failure type="cucumber.runtime.CucumberException" message="java.lang.NullPointerException">
      <![CDATA[cucumber.runtime.CucumberException: java.lang.NullPointerException
	at cucumber.api.testng.TestNGCucumberRunner.runCucumber(TestNGCucumberRunner.java:69)
	at cucumber.api.testng.AbstractTestNGCucumberTests.feature(AbstractTestNGCucumberTests.java:21)
Caused by: java.lang.NullPointerException
	at org.openqa.selenium.support.pagefactory.DefaultElementLocator.findElement(DefaultElementLocator.java:69)
	at org.openqa.selenium.support.pagefactory.internal.LocatingElementHandler.invoke(LocatingElementHandler.java:38)
	at com.sun.proxy.$Proxy21.sendKeys(Unknown Source)
	at com.cucumber.bhsibase.party.pages.LoginPage.enterunamepwd(LoginPage.java:54)
	at com.cucumber.bhsibase.bridges.LoginBridge.Given(LoginBridge.java:21)
	at com.cucumber.bhsibase.party.tests.PartyTests.it_visible_under_recently_accessed_section(PartyTests.java:50)
	at ✽.Given It visible under recently accessed section(PartyFeatures.feature:10)
... Removed 25 stack frames]]>
    </failure>
  </testcase> <!-- feature -->
</testsuite> <!-- Base Party Validation -->
